<?xml version="1.0" encoding="UTF-8"?>
<!-- Generated by org.testng.reporters.JUnitXMLReporter -->
<testsuite ignored="0" hostname="LAPTOP-5KMFOFH9" failures="2" tests="4" name="Test" time="29.513" errors="0" timestamp="2024-05-19T09:20:41 IST">
  <testcase classname="webtest.DataDrivenTest" name="testdatadriven" time="7.27"/>
  <testcase classname="webtest.DataDrivenTest" name="testdatadriven" time="7.494">
    <failure type="java.lang.AssertionError" message="Login Fail expected [true] but found [false]">
      <![CDATA[java.lang.AssertionError: Login Fail expected [true] but found [false]
at webtest.DataDrivenTest.testdatadriven(DataDrivenTest.java:33)
at java.base/java.util.ArrayList.forEach(ArrayList.java:1511)
... Removed 30 stack frames]]>
    </failure>
  </testcase> <!-- testdatadriven -->
  <testcase classname="webtest.DataDrivenTest" name="testdatadriven" time="6.744"/>
  <testcase classname="webtest.DataDrivenTest" name="testdatadriven" time="6.635">
    <failure type="java.lang.AssertionError" message="Login Fail expected [true] but found [false]">
      <![CDATA[java.lang.AssertionError: Login Fail expected [true] but found [false]
at webtest.DataDrivenTest.testdatadriven(DataDrivenTest.java:33)
at java.base/java.util.ArrayList.forEach(ArrayList.java:1511)
... Removed 30 stack frames]]>
    </failure>
  </testcase> <!-- testdatadriven -->
</testsuite> <!-- Test -->
